Arguments: 
  /usr/local/bin/node /snap/node/7392/bin/yarn.js

PATH: 
  /usr/local/sbin:/usr/local/bin:/usr/sbin:/usr/bin:/sbin:/bin:/usr/games:/usr/local/games:/snap/bin:/snap/bin:/home/esper/.foundry/bin

Yarn version: 
  1.22.19

Node version: 
  18.15.0

Platform: 
  linux x64

Trace: 
  Error: https://registry.yarnpkg.com/@mageswap%2flib: Not found
      at params.callback [as _callback] (/snap/node/7392/lib/cli.js:66145:18)
      at self.callback (/snap/node/7392/lib/cli.js:140890:22)
      at Request.emit (node:events:513:28)
      at Request.<anonymous> (/snap/node/7392/lib/cli.js:141862:10)
      at Request.emit (node:events:513:28)
      at IncomingMessage.<anonymous> (/snap/node/7392/lib/cli.js:141784:12)
      at Object.onceWrapper (node:events:627:28)
      at IncomingMessage.emit (node:events:525:35)
      at endReadableNT (node:internal/streams/readable:1359:12)
      at process.processTicksAndRejections (node:internal/process/task_queues:82:21)

npm manifest: 
  {
    "name": "@mageswap/v2-periphery",
    "version": "1.1.0-beta.0",
    "description": "🎚 Peripheral smart contracts for interacting with Uniswap V2",
    "engines": {
      "node": ">=10"
    },
    "homepage": "https://potionpalace.cc",
    "repository": {
      "type": "git",
      "url": "https://github.com/mageswap/v2-periphery"
    },
    "files": [
      "build",
      "contracts"
    ],
    "dependencies": {
      "@mageswap/lib": "4.0.1-alpha",
      "@mageswap/v2-core": "1.0.0"
    },
    "devDependencies": {
      "@types/chai": "^4.2.6",
      "@types/mocha": "^5.2.7",
      "chai": "^4.2.0",
      "ethereum-waffle": "^2.4.1",
      "ethereumjs-util": "^6.2.0",
      "mocha": "^6.2.2",
      "ncp": "^2.0.0",
      "prettier": "^1.19.1",
      "rimraf": "^3.0.0",
      "solc": "0.6.6",
      "ts-node": "^8.5.4",
      "typescript": "^3.7.3"
    },
    "scripts": {
      "lint": "yarn prettier ./test/*.ts --check",
      "lint:fix": "yarn prettier ./test/*.ts --write",
      "clean": "rimraf ./build/",
      "copy-v1-artifacts": "ncp ./buildV1 ./build",
      "precompile": "yarn clean",
      "compile": "waffle .waffle.json",
      "postcompile": "yarn copy-v1-artifacts",
      "pretest": "yarn compile",
      "test": "mocha",
      "prepublishOnly": "yarn test"
    },
    "license": "GPL-3.0-or-later"
  }

yarn manifest: 
  No manifest

Lockfile: 
  No lockfile
